Start testing: Oct 09 18:10 CEST
----------------------------------------------------------
Changing directory into: /home/philippe/programmation/multixDiagTools
1/1 Testing: essaisTest
1/1 Test: essaisTest
Command: "/home/philippe/programmation/multixDiagTools/test/essaisTest" 
Directory: /home/philippe/programmation/multixDiagTools
"essaisTest" start time: Oct 09 18:10 CEST
Output:
----------------------------------------------------------
Essais version: 0.0.1
----------------------------------------------------------
"essaisTest" end time: Oct 09 18:10 CEST
"essaisTest" time elapsed: 00:00:00
----------------------------------------------------------

End testing: Oct 09 18:10 CEST
